<?xml version="1.0" encoding="UTF-8"?>
<testng-results ignored="5" total="9" passed="4" failed="0" skipped="0">
  <reporter-output>
  </reporter-output>
  <suite started-at="2022-09-27T12:16:47 IST" name="Suite" finished-at="2022-09-27T12:16:47 IST" duration-ms="372">
    <groups>
    </groups>
    <test started-at="2022-09-27T12:16:47 IST" name="HomeLoanTests" finished-at="2022-09-27T12:16:47 IST" duration-ms="99">
      <class name="loanapplications.HomeLoanApplicationTests">
        <test-method signature="APIHomeLoan()[pri:0, instance:loanapplications.HomeLoanApplicationTests@7e9131d5]" started-at="2022-09-27T12:16:47 IST" name="APIHomeLoan" finished-at="2022-09-27T12:16:47 IST" duration-ms="18" status="PASS">
          <reporter-output>
          </reporter-output>
        </test-method> <!-- APIHomeLoan -->
        <test-method signature="MobileHomeLoan()[pri:0, instance:loanapplications.HomeLoanApplicationTests@7e9131d5]" started-at="2022-09-27T12:16:47 IST" name="MobileHomeLoan" finished-at="2022-09-27T12:16:47 IST" duration-ms="2" status="PASS">
          <reporter-output>
          </reporter-output>
        </test-method> <!-- MobileHomeLoan -->
      </class> <!-- loanapplications.HomeLoanApplicationTests -->
    </test> <!-- HomeLoanTests -->
    <test started-at="2022-09-27T12:16:47 IST" name="PersonalLoanTests" finished-at="2022-09-27T12:16:47 IST" duration-ms="6">
      <class name="loanapplications.PersonalLoanApplicationTests">
        <test-method signature="PersonalLoanLoginAPI()[pri:0, instance:loanapplications.PersonalLoanApplicationTests@212b5695]" started-at="2022-09-27T12:16:47 IST" name="PersonalLoanLoginAPI" finished-at="2022-09-27T12:16:47 IST" duration-ms="2" status="PASS">
          <reporter-output>
          </reporter-output>
        </test-method> <!-- PersonalLoanLoginAPI -->
      </class> <!-- loanapplications.PersonalLoanApplicationTests -->
    </test> <!-- PersonalLoanTests -->
    <test started-at="2022-09-27T12:16:47 IST" name="CarLoanTests" finished-at="2022-09-27T12:16:47 IST" duration-ms="6">
      <class name="loanapplications.CarLoanApplicationTests">
        <test-method signature="CarLoanLoginAPI()[pri:0, instance:loanapplications.CarLoanApplicationTests@7ea9e1e2]" started-at="2022-09-27T12:16:47 IST" name="CarLoanLoginAPI" finished-at="2022-09-27T12:16:47 IST" duration-ms="1" status="PASS">
          <reporter-output>
          </reporter-output>
        </test-method> <!-- CarLoanLoginAPI -->
      </class> <!-- loanapplications.CarLoanApplicationTests -->
    </test> <!-- CarLoanTests -->
  </suite> <!-- Suite -->
</testng-results>
