<?xml version="1.0" encoding="UTF-8"?>
<!-- Generated by org.testng.reporters.JUnitXMLReporter -->
<testsuite ignored="2" hostname="INMAARADHMEIA2P" failures="0" tests="1" name="HomeLoanTests" time="0.074" errors="0" timestamp="2022-09-27T11:53:22 IST">
  <testcase classname="loanapplications.HomeLoanApplicationTests" name="HomeLoanLoginAPI" time="0.011"/>
  <testcase classname="loanapplications.HomeLoanApplicationTests" name="HomeLoanLoginWeb" time="0.0">
    <ignored/>
  </testcase> <!-- HomeLoanLoginWeb -->
  <testcase classname="loanapplications.HomeLoanApplicationTests" name="HomeLoanLoginMobile" time="0.0">
    <ignored/>
  </testcase> <!-- HomeLoanLoginMobile -->
</testsuite> <!-- HomeLoanTests -->
