<?xml version="1.0" encoding="UTF-8"?>
<!-- Generated by org.testng.reporters.JUnitXMLReporter -->
<testsuite ignored="2" hostname="INMAARADHMEIA2P" failures="0" tests="1" name="PersonalLoanTests" time="0.006" errors="0" timestamp="2022-09-27T11:53:23 IST">
  <testcase classname="loanapplications.PersonalLoanApplicationTests" name="PersonalLoanLoginAPI" time="0.002"/>
  <testcase classname="loanapplications.PersonalLoanApplicationTests" name="PersonalLoanLoginWeb" time="0.0">
    <ignored/>
  </testcase> <!-- PersonalLoanLoginWeb -->
  <testcase classname="loanapplications.PersonalLoanApplicationTests" name="PersonalLoanLoginMobile" time="0.0">
    <ignored/>
  </testcase> <!-- PersonalLoanLoginMobile -->
</testsuite> <!-- PersonalLoanTests -->
